{"C:\\Users\\Zhopa\\frontend-project-46\\src\\buildTree.js": {"path":"C:\\Users\\Zhopa\\frontend-project-46\\src\\buildTree.js","statementMap":{"0":{"start":{"line":3,"column":18},"end":{"line":33,"column":1}},"1":{"start":{"line":4,"column":15},"end":{"line":4,"column":72}},"2":{"start":{"line":6,"column":2},"end":{"line":32,"column":5}},"3":{"start":{"line":7,"column":19},"end":{"line":7,"column":29}},"4":{"start":{"line":8,"column":19},"end":{"line":8,"column":29}},"5":{"start":{"line":10,"column":4},"end":{"line":12,"column":5}},"6":{"start":{"line":11,"column":6},"end":{"line":11,"column":51}},"7":{"start":{"line":14,"column":4},"end":{"line":16,"column":5}},"8":{"start":{"line":15,"column":6},"end":{"line":15,"column":53}},"9":{"start":{"line":18,"column":4},"end":{"line":20,"column":5}},"10":{"start":{"line":19,"column":6},"end":{"line":19,"column":74}},"11":{"start":{"line":22,"column":4},"end":{"line":24,"column":5}},"12":{"start":{"line":23,"column":6},"end":{"line":23,"column":55}},"13":{"start":{"line":26,"column":4},"end":{"line":31,"column":6}}},"fnMap":{"0":{"name":"(anonymous_0)","decl":{"start":{"line":3,"column":18},"end":{"line":3,"column":19}},"loc":{"start":{"line":3,"column":36},"end":{"line":33,"column":1}},"line":3},"1":{"name":"(anonymous_1)","decl":{"start":{"line":6,"column":18},"end":{"line":6,"column":19}},"loc":{"start":{"line":6,"column":27},"end":{"line":32,"column":3}},"line":6}},"branchMap":{"0":{"loc":{"start":{"line":10,"column":4},"end":{"line":12,"column":5}},"type":"if","locations":[{"start":{"line":10,"column":4},"end":{"line":12,"column":5}},{"start":{},"end":{}}],"line":10},"1":{"loc":{"start":{"line":14,"column":4},"end":{"line":16,"column":5}},"type":"if","locations":[{"start":{"line":14,"column":4},"end":{"line":16,"column":5}},{"start":{},"end":{}}],"line":14},"2":{"loc":{"start":{"line":18,"column":4},"end":{"line":20,"column":5}},"type":"if","locations":[{"start":{"line":18,"column":4},"end":{"line":20,"column":5}},{"start":{},"end":{}}],"line":18},"3":{"loc":{"start":{"line":18,"column":8},"end":{"line":18,"column":58}},"type":"binary-expr","locations":[{"start":{"line":18,"column":8},"end":{"line":18,"column":31}},{"start":{"line":18,"column":35},"end":{"line":18,"column":58}}],"line":18},"4":{"loc":{"start":{"line":22,"column":4},"end":{"line":24,"column":5}},"type":"if","locations":[{"start":{"line":22,"column":4},"end":{"line":24,"column":5}},{"start":{},"end":{}}],"line":22}},"s":{"0":1,"1":25,"2":25,"3":96,"4":96,"5":96,"6":24,"7":72,"8":16,"9":56,"10":16,"11":40,"12":20,"13":20},"f":{"0":25,"1":96},"b":{"0":[24,72],"1":[16,56],"2":[16,40],"3":[56,20],"4":[20,20]},"_coverageSchema":"1a1c01bbd47fc00a2c39e90264f33305004495a9","hash":"f06c6f86ae1b4cf8dd083a283f596c9a1e4351a5"}
,"C:\\Users\\Zhopa\\frontend-project-46\\src\\gendiff.js": {"path":"C:\\Users\\Zhopa\\frontend-project-46\\src\\gendiff.js","statementMap":{"0":{"start":{"line":5,"column":16},"end":{"line":12,"column":1}},"1":{"start":{"line":6,"column":16},"end":{"line":6,"column":36}},"2":{"start":{"line":7,"column":16},"end":{"line":7,"column":36}},"3":{"start":{"line":8,"column":15},"end":{"line":8,"column":38}},"4":{"start":{"line":9,"column":17},"end":{"line":9,"column":41}},"5":{"start":{"line":11,"column":2},"end":{"line":11,"column":22}}},"fnMap":{"0":{"name":"(anonymous_0)","decl":{"start":{"line":5,"column":16},"end":{"line":5,"column":17}},"loc":{"start":{"line":5,"column":66},"end":{"line":12,"column":1}},"line":5}},"branchMap":{"0":{"loc":{"start":{"line":5,"column":39},"end":{"line":5,"column":61}},"type":"default-arg","locations":[{"start":{"line":5,"column":52},"end":{"line":5,"column":61}}],"line":5}},"s":{"0":1,"1":10,"2":9,"3":9,"4":9,"5":8},"f":{"0":10},"b":{"0":[6]},"_coverageSchema":"1a1c01bbd47fc00a2c39e90264f33305004495a9","hash":"f22667dccfaab027e6ef37a87f9908239b77fdd3"}
,"C:\\Users\\Zhopa\\frontend-project-46\\src\\index.js": {"path":"C:\\Users\\Zhopa\\frontend-project-46\\src\\index.js","statementMap":{},"fnMap":{},"branchMap":{},"s":{},"f":{},"b":{},"_coverageSchema":"1a1c01bbd47fc00a2c39e90264f33305004495a9","hash":"cdf188b7b8ac00b582875a068a640ebb215046a2"}
,"C:\\Users\\Zhopa\\frontend-project-46\\src\\parsers.js": {"path":"C:\\Users\\Zhopa\\frontend-project-46\\src\\parsers.js","statementMap":{"0":{"start":{"line":5,"column":23},"end":{"line":13,"column":1}},"1":{"start":{"line":6,"column":2},"end":{"line":12,"column":3}},"2":{"start":{"line":7,"column":25},"end":{"line":7,"column":62}},"3":{"start":{"line":8,"column":20},"end":{"line":8,"column":58}},"4":{"start":{"line":9,"column":4},"end":{"line":9,"column":19}},"5":{"start":{"line":11,"column":4},"end":{"line":11,"column":53}},"6":{"start":{"line":15,"column":18},"end":{"line":32,"column":1}},"7":{"start":{"line":16,"column":18},"end":{"line":16,"column":42}},"8":{"start":{"line":17,"column":20},"end":{"line":17,"column":56}},"9":{"start":{"line":19,"column":2},"end":{"line":31,"column":3}},"10":{"start":{"line":20,"column":4},"end":{"line":28,"column":5}},"11":{"start":{"line":22,"column":8},"end":{"line":22,"column":35}},"12":{"start":{"line":25,"column":8},"end":{"line":25,"column":34}},"13":{"start":{"line":27,"column":8},"end":{"line":27,"column":65}},"14":{"start":{"line":30,"column":4},"end":{"line":30,"column":54}}},"fnMap":{"0":{"name":"(anonymous_0)","decl":{"start":{"line":5,"column":23},"end":{"line":5,"column":24}},"loc":{"start":{"line":5,"column":37},"end":{"line":13,"column":1}},"line":5},"1":{"name":"(anonymous_1)","decl":{"start":{"line":15,"column":18},"end":{"line":15,"column":19}},"loc":{"start":{"line":15,"column":32},"end":{"line":32,"column":1}},"line":15}},"branchMap":{"0":{"loc":{"start":{"line":20,"column":4},"end":{"line":28,"column":5}},"type":"switch","locations":[{"start":{"line":21,"column":6},"end":{"line":22,"column":35}},{"start":{"line":23,"column":6},"end":{"line":23,"column":18}},{"start":{"line":24,"column":6},"end":{"line":25,"column":34}},{"start":{"line":26,"column":6},"end":{"line":27,"column":65}}],"line":20}},"s":{"0":1,"1":19,"2":19,"3":19,"4":18,"5":1,"6":1,"7":19,"8":18,"9":18,"10":18,"11":14,"12":4,"13":0,"14":0},"f":{"0":19,"1":19},"b":{"0":[14,4,4,0]},"_coverageSchema":"1a1c01bbd47fc00a2c39e90264f33305004495a9","hash":"cb0154a96ea458a0f2e4ec1d3efc7e33da6967d2"}
,"C:\\Users\\Zhopa\\frontend-project-46\\src\\formatters\\index.js": {"path":"C:\\Users\\Zhopa\\frontend-project-46\\src\\formatters\\index.js","statementMap":{"0":{"start":{"line":5,"column":19},"end":{"line":9,"column":1}},"1":{"start":{"line":12,"column":20},"end":{"line":12,"column":42}},"2":{"start":{"line":13,"column":2},"end":{"line":15,"column":3}},"3":{"start":{"line":14,"column":4},"end":{"line":14,"column":53}},"4":{"start":{"line":16,"column":2},"end":{"line":16,"column":19}}},"fnMap":{"0":{"name":"(anonymous_0)","decl":{"start":{"line":11,"column":15},"end":{"line":11,"column":16}},"loc":{"start":{"line":11,"column":31},"end":{"line":17,"column":1}},"line":11}},"branchMap":{"0":{"loc":{"start":{"line":13,"column":2},"end":{"line":15,"column":3}},"type":"if","locations":[{"start":{"line":13,"column":2},"end":{"line":15,"column":3}},{"start":{},"end":{}}],"line":13}},"s":{"0":1,"1":9,"2":9,"3":1,"4":8},"f":{"0":9},"b":{"0":[1,8]},"_coverageSchema":"1a1c01bbd47fc00a2c39e90264f33305004495a9","hash":"fdbe1d4080637357435fd7e8d60de3ab0881957c"}
,"C:\\Users\\Zhopa\\frontend-project-46\\src\\formatters\\json.js": {"path":"C:\\Users\\Zhopa\\frontend-project-46\\src\\formatters\\json.js","statementMap":{"0":{"start":{"line":1,"column":19},"end":{"line":3,"column":3}},"1":{"start":{"line":2,"column":4},"end":{"line":2,"column":41}}},"fnMap":{"0":{"name":"(anonymous_0)","decl":{"start":{"line":1,"column":19},"end":{"line":1,"column":20}},"loc":{"start":{"line":1,"column":29},"end":{"line":3,"column":3}},"line":1}},"branchMap":{},"s":{"0":1,"1":1},"f":{"0":1},"b":{},"_coverageSchema":"1a1c01bbd47fc00a2c39e90264f33305004495a9","hash":"d13a9f596bbfe21ae94e5b005e5407bb3f6296c2"}
,"C:\\Users\\Zhopa\\frontend-project-46\\src\\formatters\\plain.js": {"path":"C:\\Users\\Zhopa\\frontend-project-46\\src\\formatters\\plain.js","statementMap":{"0":{"start":{"line":3,"column":20},"end":{"line":24,"column":1}},"1":{"start":{"line":4,"column":16},"end":{"line":21,"column":4}},"2":{"start":{"line":5,"column":24},"end":{"line":5,"column":63}},"3":{"start":{"line":7,"column":4},"end":{"line":20,"column":5}},"4":{"start":{"line":9,"column":8},"end":{"line":9,"column":92}},"5":{"start":{"line":11,"column":8},"end":{"line":11,"column":55}},"6":{"start":{"line":13,"column":8},"end":{"line":13,"column":124}},"7":{"start":{"line":15,"column":8},"end":{"line":15,"column":55}},"8":{"start":{"line":17,"column":8},"end":{"line":17,"column":18}},"9":{"start":{"line":19,"column":8},"end":{"line":19,"column":18}},"10":{"start":{"line":23,"column":2},"end":{"line":23,"column":26}},"11":{"start":{"line":26,"column":20},"end":{"line":40,"column":1}},"12":{"start":{"line":27,"column":2},"end":{"line":29,"column":3}},"13":{"start":{"line":28,"column":4},"end":{"line":28,"column":29}},"14":{"start":{"line":31,"column":2},"end":{"line":33,"column":3}},"15":{"start":{"line":32,"column":4},"end":{"line":32,"column":24}},"16":{"start":{"line":35,"column":2},"end":{"line":37,"column":3}},"17":{"start":{"line":36,"column":4},"end":{"line":36,"column":18}},"18":{"start":{"line":39,"column":2},"end":{"line":39,"column":23}}},"fnMap":{"0":{"name":"(anonymous_0)","decl":{"start":{"line":3,"column":20},"end":{"line":3,"column":21}},"loc":{"start":{"line":3,"column":41},"end":{"line":24,"column":1}},"line":3},"1":{"name":"(anonymous_1)","decl":{"start":{"line":4,"column":29},"end":{"line":4,"column":30}},"loc":{"start":{"line":4,"column":39},"end":{"line":21,"column":3}},"line":4},"2":{"name":"(anonymous_2)","decl":{"start":{"line":26,"column":20},"end":{"line":26,"column":21}},"loc":{"start":{"line":26,"column":31},"end":{"line":40,"column":1}},"line":26}},"branchMap":{"0":{"loc":{"start":{"line":3,"column":27},"end":{"line":3,"column":36}},"type":"default-arg","locations":[{"start":{"line":3,"column":34},"end":{"line":3,"column":36}}],"line":3},"1":{"loc":{"start":{"line":5,"column":24},"end":{"line":5,"column":63}},"type":"cond-expr","locations":[{"start":{"line":5,"column":31},"end":{"line":5,"column":52}},{"start":{"line":5,"column":55},"end":{"line":5,"column":63}}],"line":5},"2":{"loc":{"start":{"line":7,"column":4},"end":{"line":20,"column":5}},"type":"switch","locations":[{"start":{"line":8,"column":6},"end":{"line":9,"column":92}},{"start":{"line":10,"column":6},"end":{"line":11,"column":55}},{"start":{"line":12,"column":6},"end":{"line":13,"column":124}},{"start":{"line":14,"column":6},"end":{"line":15,"column":55}},{"start":{"line":16,"column":6},"end":{"line":17,"column":18}},{"start":{"line":18,"column":6},"end":{"line":19,"column":18}}],"line":7},"3":{"loc":{"start":{"line":27,"column":2},"end":{"line":29,"column":3}},"type":"if","locations":[{"start":{"line":27,"column":2},"end":{"line":29,"column":3}},{"start":{},"end":{}}],"line":27},"4":{"loc":{"start":{"line":31,"column":2},"end":{"line":33,"column":3}},"type":"if","locations":[{"start":{"line":31,"column":2},"end":{"line":33,"column":3}},{"start":{},"end":{}}],"line":31},"5":{"loc":{"start":{"line":35,"column":2},"end":{"line":37,"column":3}},"type":"if","locations":[{"start":{"line":35,"column":2},"end":{"line":37,"column":3}},{"start":{},"end":{}}],"line":35}},"s":{"0":1,"1":6,"2":23,"3":23,"4":6,"5":4,"6":5,"7":4,"8":4,"9":0,"10":6,"11":1,"12":16,"13":3,"14":13,"15":7,"16":6,"17":1,"18":5},"f":{"0":6,"1":23,"2":16},"b":{"0":[2],"1":[14,9],"2":[6,4,5,4,4,0],"3":[3,13],"4":[7,6],"5":[1,5]},"_coverageSchema":"1a1c01bbd47fc00a2c39e90264f33305004495a9","hash":"be8917cf9782809d40dab3946e9443e5b1b49e67"}
,"C:\\Users\\Zhopa\\frontend-project-46\\src\\formatters\\stylish.js": {"path":"C:\\Users\\Zhopa\\frontend-project-46\\src\\formatters\\stylish.js","statementMap":{"0":{"start":{"line":3,"column":22},"end":{"line":28,"column":1}},"1":{"start":{"line":4,"column":17},"end":{"line":4,"column":42}},"2":{"start":{"line":5,"column":24},"end":{"line":5,"column":51}},"3":{"start":{"line":7,"column":16},"end":{"line":25,"column":4}},"4":{"start":{"line":8,"column":4},"end":{"line":24,"column":5}},"5":{"start":{"line":10,"column":8},"end":{"line":10,"column":79}},"6":{"start":{"line":12,"column":8},"end":{"line":12,"column":79}},"7":{"start":{"line":14,"column":8},"end":{"line":14,"column":79}},"8":{"start":{"line":16,"column":8},"end":{"line":19,"column":21}},"9":{"start":{"line":21,"column":8},"end":{"line":21,"column":84}},"10":{"start":{"line":23,"column":8},"end":{"line":23,"column":18}},"11":{"start":{"line":27,"column":2},"end":{"line":27,"column":57}},"12":{"start":{"line":30,"column":20},"end":{"line":45,"column":1}},"13":{"start":{"line":31,"column":2},"end":{"line":40,"column":3}},"14":{"start":{"line":32,"column":19},"end":{"line":32,"column":44}},"15":{"start":{"line":33,"column":26},"end":{"line":33,"column":53}},"16":{"start":{"line":35,"column":18},"end":{"line":37,"column":6}},"17":{"start":{"line":36,"column":6},"end":{"line":36,"column":65}},"18":{"start":{"line":39,"column":4},"end":{"line":39,"column":59}},"19":{"start":{"line":42,"column":2},"end":{"line":42,"column":36}},"20":{"start":{"line":42,"column":22},"end":{"line":42,"column":36}},"21":{"start":{"line":43,"column":2},"end":{"line":43,"column":30}},"22":{"start":{"line":43,"column":20},"end":{"line":43,"column":30}},"23":{"start":{"line":44,"column":2},"end":{"line":44,"column":23}}},"fnMap":{"0":{"name":"(anonymous_0)","decl":{"start":{"line":3,"column":22},"end":{"line":3,"column":23}},"loc":{"start":{"line":3,"column":43},"end":{"line":28,"column":1}},"line":3},"1":{"name":"(anonymous_1)","decl":{"start":{"line":7,"column":25},"end":{"line":7,"column":26}},"loc":{"start":{"line":7,"column":35},"end":{"line":25,"column":3}},"line":7},"2":{"name":"(anonymous_2)","decl":{"start":{"line":30,"column":20},"end":{"line":30,"column":21}},"loc":{"start":{"line":30,"column":38},"end":{"line":45,"column":1}},"line":30},"3":{"name":"(anonymous_3)","decl":{"start":{"line":35,"column":44},"end":{"line":35,"column":45}},"loc":{"start":{"line":35,"column":60},"end":{"line":37,"column":5}},"line":35}},"branchMap":{"0":{"loc":{"start":{"line":3,"column":29},"end":{"line":3,"column":38}},"type":"default-arg","locations":[{"start":{"line":3,"column":37},"end":{"line":3,"column":38}}],"line":3},"1":{"loc":{"start":{"line":8,"column":4},"end":{"line":24,"column":5}},"type":"switch","locations":[{"start":{"line":9,"column":6},"end":{"line":10,"column":79}},{"start":{"line":11,"column":6},"end":{"line":12,"column":79}},{"start":{"line":13,"column":6},"end":{"line":14,"column":79}},{"start":{"line":15,"column":6},"end":{"line":19,"column":21}},{"start":{"line":20,"column":6},"end":{"line":21,"column":84}},{"start":{"line":22,"column":6},"end":{"line":23,"column":18}}],"line":8},"2":{"loc":{"start":{"line":31,"column":2},"end":{"line":40,"column":3}},"type":"if","locations":[{"start":{"line":31,"column":2},"end":{"line":40,"column":3}},{"start":{},"end":{}}],"line":31},"3":{"loc":{"start":{"line":42,"column":2},"end":{"line":42,"column":36}},"type":"if","locations":[{"start":{"line":42,"column":2},"end":{"line":42,"column":36}},{"start":{},"end":{}}],"line":42},"4":{"loc":{"start":{"line":43,"column":2},"end":{"line":43,"column":30}},"type":"if","locations":[{"start":{"line":43,"column":2},"end":{"line":43,"column":30}},{"start":{},"end":{}}],"line":43}},"s":{"0":1,"1":13,"2":13,"3":13,"4":50,"5":12,"6":8,"7":12,"8":10,"9":8,"10":0,"11":13,"12":1,"13":70,"14":14,"15":14,"16":14,"17":18,"18":14,"19":56,"20":2,"21":54,"22":2,"23":52},"f":{"0":13,"1":50,"2":70,"3":18},"b":{"0":[5],"1":[12,8,12,10,8,0],"2":[14,56],"3":[2,54],"4":[2,52]},"_coverageSchema":"1a1c01bbd47fc00a2c39e90264f33305004495a9","hash":"72b31b1780e6f705b516b6cf13cc170e803e75b4"}
}
