{"/mnt/c/Users/GALYA/frontend-project-46/src/index.js": {"path":"/mnt/c/Users/GALYA/frontend-project-46/src/index.js","statementMap":{"0":{"start":{"line":6,"column":16},"end":{"line":6,"column":51}},"1":{"start":{"line":7,"column":16},"end":{"line":7,"column":51}},"2":{"start":{"line":9,"column":15},"end":{"line":9,"column":38}},"3":{"start":{"line":10,"column":15},"end":{"line":10,"column":38}},"4":{"start":{"line":15,"column":2},"end":{"line":19,"column":3}},"5":{"start":{"line":16,"column":4},"end":{"line":16,"column":36}},"6":{"start":{"line":17,"column":9},"end":{"line":19,"column":3}},"7":{"start":{"line":18,"column":4},"end":{"line":18,"column":35}},"8":{"start":{"line":21,"column":2},"end":{"line":25,"column":3}},"9":{"start":{"line":22,"column":4},"end":{"line":22,"column":36}},"10":{"start":{"line":23,"column":9},"end":{"line":25,"column":3}},"11":{"start":{"line":24,"column":4},"end":{"line":24,"column":35}},"12":{"start":{"line":27,"column":20},"end":{"line":27,"column":44}},"13":{"start":{"line":28,"column":20},"end":{"line":28,"column":44}},"14":{"start":{"line":30,"column":18},"end":{"line":30,"column":46}},"15":{"start":{"line":31,"column":19},"end":{"line":31,"column":40}},"16":{"start":{"line":32,"column":21},"end":{"line":32,"column":36}},"17":{"start":{"line":34,"column":14},"end":{"line":34,"column":16}},"18":{"start":{"line":36,"column":2},"end":{"line":52,"column":3}},"19":{"start":{"line":37,"column":19},"end":{"line":37,"column":35}},"20":{"start":{"line":38,"column":19},"end":{"line":38,"column":35}},"21":{"start":{"line":40,"column":4},"end":{"line":51,"column":5}},"22":{"start":{"line":41,"column":6},"end":{"line":41,"column":42}},"23":{"start":{"line":42,"column":11},"end":{"line":51,"column":5}},"24":{"start":{"line":43,"column":6},"end":{"line":43,"column":42}},"25":{"start":{"line":44,"column":11},"end":{"line":51,"column":5}},"26":{"start":{"line":45,"column":6},"end":{"line":50,"column":7}},"27":{"start":{"line":46,"column":8},"end":{"line":46,"column":44}},"28":{"start":{"line":47,"column":8},"end":{"line":47,"column":44}},"29":{"start":{"line":49,"column":8},"end":{"line":49,"column":44}},"30":{"start":{"line":54,"column":2},"end":{"line":54,"column":37}}},"fnMap":{"0":{"name":"genDiff","decl":{"start":{"line":5,"column":24},"end":{"line":5,"column":31}},"loc":{"start":{"line":5,"column":54},"end":{"line":55,"column":1}},"line":5}},"branchMap":{"0":{"loc":{"start":{"line":15,"column":2},"end":{"line":19,"column":3}},"type":"if","locations":[{"start":{"line":15,"column":2},"end":{"line":19,"column":3}},{"start":{"line":17,"column":9},"end":{"line":19,"column":3}}],"line":15},"1":{"loc":{"start":{"line":17,"column":9},"end":{"line":19,"column":3}},"type":"if","locations":[{"start":{"line":17,"column":9},"end":{"line":19,"column":3}},{"start":{},"end":{}}],"line":17},"2":{"loc":{"start":{"line":17,"column":13},"end":{"line":17,"column":48}},"type":"binary-expr","locations":[{"start":{"line":17,"column":13},"end":{"line":17,"column":28}},{"start":{"line":17,"column":32},"end":{"line":17,"column":48}}],"line":17},"3":{"loc":{"start":{"line":21,"column":2},"end":{"line":25,"column":3}},"type":"if","locations":[{"start":{"line":21,"column":2},"end":{"line":25,"column":3}},{"start":{"line":23,"column":9},"end":{"line":25,"column":3}}],"line":21},"4":{"loc":{"start":{"line":23,"column":9},"end":{"line":25,"column":3}},"type":"if","locations":[{"start":{"line":23,"column":9},"end":{"line":25,"column":3}},{"start":{},"end":{}}],"line":23},"5":{"loc":{"start":{"line":23,"column":13},"end":{"line":23,"column":48}},"type":"binary-expr","locations":[{"start":{"line":23,"column":13},"end":{"line":23,"column":28}},{"start":{"line":23,"column":32},"end":{"line":23,"column":48}}],"line":23},"6":{"loc":{"start":{"line":40,"column":4},"end":{"line":51,"column":5}},"type":"if","locations":[{"start":{"line":40,"column":4},"end":{"line":51,"column":5}},{"start":{"line":42,"column":11},"end":{"line":51,"column":5}}],"line":40},"7":{"loc":{"start":{"line":40,"column":8},"end":{"line":40,"column":51}},"type":"binary-expr","locations":[{"start":{"line":40,"column":8},"end":{"line":40,"column":26}},{"start":{"line":40,"column":30},"end":{"line":40,"column":51}}],"line":40},"8":{"loc":{"start":{"line":42,"column":11},"end":{"line":51,"column":5}},"type":"if","locations":[{"start":{"line":42,"column":11},"end":{"line":51,"column":5}},{"start":{"line":44,"column":11},"end":{"line":51,"column":5}}],"line":42},"9":{"loc":{"start":{"line":42,"column":15},"end":{"line":42,"column":58}},"type":"binary-expr","locations":[{"start":{"line":42,"column":15},"end":{"line":42,"column":36}},{"start":{"line":42,"column":40},"end":{"line":42,"column":58}}],"line":42},"10":{"loc":{"start":{"line":44,"column":11},"end":{"line":51,"column":5}},"type":"if","locations":[{"start":{"line":44,"column":11},"end":{"line":51,"column":5}},{"start":{},"end":{}}],"line":44},"11":{"loc":{"start":{"line":44,"column":15},"end":{"line":44,"column":55}},"type":"binary-expr","locations":[{"start":{"line":44,"column":15},"end":{"line":44,"column":33}},{"start":{"line":44,"column":37},"end":{"line":44,"column":55}}],"line":44},"12":{"loc":{"start":{"line":45,"column":6},"end":{"line":50,"column":7}},"type":"if","locations":[{"start":{"line":45,"column":6},"end":{"line":50,"column":7}},{"start":{"line":48,"column":13},"end":{"line":50,"column":7}}],"line":45}},"s":{"0":2,"1":2,"2":2,"3":2,"4":2,"5":1,"6":1,"7":1,"8":2,"9":1,"10":1,"11":1,"12":2,"13":2,"14":2,"15":2,"16":2,"17":2,"18":2,"19":10,"20":10,"21":10,"22":4,"23":6,"24":2,"25":4,"26":4,"27":2,"28":2,"29":2,"30":2},"f":{"0":2},"b":{"0":[1,1],"1":[1,0],"2":[1,0],"3":[1,1],"4":[1,0],"5":[1,0],"6":[4,6],"7":[10,8],"8":[2,4],"9":[6,2],"10":[4,0],"11":[4,4],"12":[2,2]},"inputSourceMap":null,"_coverageSchema":"1a1c01bbd47fc00a2c39e90264f33305004495a9","hash":"d6aede345e5d06e46836604175369a7b6b291061"}
}
