TN:
SF:src/index.js
FN:4,(anonymous_0)
FN:19,genDiff
FN:25,(anonymous_2)
FNF:3
FNH:3
FNDA:11,(anonymous_0)
FNDA:6,genDiff
FNDA:17,(anonymous_2)
DA:4,1
DA:5,11
DA:9,11
DA:10,11
DA:12,11
DA:13,10
DA:16,1
DA:20,6
DA:21,6
DA:23,6
DA:25,6
DA:26,17
DA:27,17
DA:29,17
DA:30,1
DA:33,16
DA:34,2
DA:37,14
DA:38,1
DA:41,13
DA:44,6
LF:21
LH:21
BRDA:5,0,0,9
BRDA:5,0,1,2
BRDA:12,1,0,10
BRDA:12,1,1,1
BRDA:29,2,0,1
BRDA:29,2,1,16
BRDA:29,3,0,17
BRDA:29,3,1,1
BRDA:33,4,0,2
BRDA:33,4,1,14
BRDA:33,5,0,16
BRDA:33,5,1,16
BRDA:37,6,0,1
BRDA:37,6,1,13
BRF:14
BRH:14
end_of_record
