TN:
SF:src\gendiff.js
FN:4,(anonymous_0)
FN:10,(anonymous_1)
FNF:2
FNH:2
FNDA:5,(anonymous_0)
FNDA:23,(anonymous_1)
DA:4,1
DA:5,5
DA:6,5
DA:8,5
DA:10,5
DA:11,23
DA:12,23
DA:14,23
DA:15,3
DA:18,20
DA:19,6
DA:22,14
DA:23,11
DA:26,3
DA:29,5
LF:15
LH:15
BRDA:14,0,0,3
BRDA:14,0,1,20
BRDA:18,1,0,6
BRDA:18,1,1,14
BRDA:22,2,0,11
BRDA:22,2,1,3
BRF:6
BRH:6
end_of_record
TN:
SF:src\index.js
FNF:0
FNH:0
LF:0
LH:0
BRF:0
BRH:0
end_of_record
TN:
SF:src\parsers.js
FN:5,(anonymous_0)
FN:15,(anonymous_1)
FNF:2
FNH:2
FNDA:10,(anonymous_0)
FNDA:10,(anonymous_1)
DA:5,1
DA:6,10
DA:7,10
DA:8,10
DA:9,10
DA:11,0
DA:15,1
DA:16,10
DA:17,10
DA:19,10
DA:20,10
DA:22,5
DA:25,5
DA:27,0
DA:30,0
LF:15
LH:12
BRDA:20,0,0,5
BRDA:20,0,1,5
BRDA:20,0,2,5
BRDA:20,0,3,0
BRF:4
BRH:3
end_of_record
